<?xml version="1.0" encoding="UTF-8"?>
<!-- Generated by org.testng.reporters.JUnitXMLReporter -->
<testsuite ignored="0" hostname="DESKTOP-BD9ARB1" failures="0" tests="4" name="Test" time="17.554" errors="0" timestamp="18 Mar 2023 03:30:10 GMT">
  <testcase classname="com.aiite.pageexecution.LoginPageExecution" name="loginValidCredential" time="0.618"/>
  <testcase classname="com.aiite.pageexecution.LoginPageExecution" name="loginValidCredential" time="0.363"/>
  <testcase classname="com.aiite.pageexecution.LoginPageExecution" name="loginValidCredential" time="0.328"/>
  <testcase classname="com.aiite.pageexecution.LoginPageExecution" name="simpleOne" time="0.001"/>
</testsuite> <!-- Test -->
