<?xml version="1.0" encoding="UTF-8"?>
<!-- Generated by org.testng.reporters.JUnitXMLReporter -->
<testsuite ignored="0" hostname="DESKTOP-BD9ARB1" failures="0" tests="3" name="Test02" time="7.085" errors="0" timestamp="19 Mar 2023 02:55:34 GMT">
  <testcase classname="com.aiite.pageexecution.SummaryExecution" name="mobileSearch2" time="4.62"/>
  <testcase classname="com.aiite.pageexecution.SummaryExecution" name="mobileSearch" time="4.62"/>
  <testcase classname="com.aiite.pageexecution.SummaryExecution" name="mobileSearch3" time="2.43"/>
</testsuite> <!-- Test02 -->
