<?xml version="1.0" encoding="UTF-8"?>
<testng-results ignored="0" total="1" passed="1" failed="0" skipped="0">
  <reporter-output>
  </reporter-output>
  <suite started-at="2023-04-01T02:13:22Z" name="Default suite" finished-at="2023-04-01T02:13:22Z" duration-ms="74">
    <groups>
    </groups>
    <test started-at="2023-04-01T02:13:22Z" name="Default test" finished-at="2023-04-01T02:13:22Z" duration-ms="74">
      <class name="com.aiite.pageexecution.ClassB">
        <test-method signature="testOne()[pri:0, instance:com.aiite.pageexecution.ClassB@1827a871]" started-at="2023-04-01T07:43:22Z" name="testOne" finished-at="2023-04-01T07:43:22Z" duration-ms="31" status="PASS">
          <reporter-output>
          </reporter-output>
        </test-method> <!-- testOne -->
      </class> <!-- com.aiite.pageexecution.ClassB -->
    </test> <!-- Default test -->
  </suite> <!-- Default suite -->
</testng-results>
